This file contains any messages produced by compilers while
running configure, to aid debugging if configure makes a mistake.

It was created by configure, which was
generated by GNU Autoconf 2.59.  Invocation command line was

  $ ./configure 

## --------- ##
## Platform. ##
## --------- ##

hostname = sword
uname -m = i686
uname -r = 2.6.12-10-386
uname -s = Linux
uname -v = #1 Sat Mar 11 16:13:17 UTC 2006

/usr/bin/uname -p = unknown
/bin/uname -X     = unknown

/bin/arch              = i686
/usr/bin/arch -k       = unknown
/usr/convex/getsysinfo = unknown
hostinfo               = unknown
/bin/machine           = unknown
/usr/bin/oslevel       = unknown
/bin/universe          = unknown

PATH: /usr/local/sbin
PATH: /usr/local/bin
PATH: /usr/sbin
PATH: /usr/bin
PATH: /sbin
PATH: /bin
PATH: /usr/bin/X11
PATH: /usr/games


## ----------- ##
## Core tests. ##
## ----------- ##

configure:1302: checking for gcc
configure:1318: found /usr/bin/gcc
configure:1328: result: gcc
configure:1572: checking for C compiler version
configure:1575: gcc --version </dev/null >&5
gcc (GCC) 4.0.2 20050808 (prerelease) (Ubuntu 4.0.1-4ubuntu9)
Copyright (C) 2005 Free Software Foundation, Inc.
This is free software; see the source for copying conditions.  There is NO
warranty; not even for MERCHANTABILITY or FITNESS FOR A PARTICULAR PURPOSE.

configure:1578: $? = 0
configure:1580: gcc -v </dev/null >&5
Using built-in specs.
Target: i486-linux-gnu
Configured with: ../src/configure -v --enable-languages=c,c++,java,f95,objc,ada,treelang --prefix=/usr --with-gxx-include-dir=/usr/include/c++/4.0.2 --enable-shared --with-system-zlib --libexecdir=/usr/lib --enable-nls --without-included-gettext --enable-threads=posix --program-suffix=-4.0 --enable-__cxa_atexit --enable-libstdcxx-allocator=mt --enable-clocale=gnu --enable-libstdcxx-debug --enable-java-gc=boehm --enable-java-awt=gtk --enable-gtk-cairo --with-java-home=/usr/lib/jvm/java-1.4.2-gcj-4.0-1.4.2.0/jre --enable-mpfr --disable-werror --enable-checking=release i486-linux-gnu
Thread model: posix
gcc version 4.0.2 20050808 (prerelease) (Ubuntu 4.0.1-4ubuntu9)
configure:1583: $? = 0
configure:1585: gcc -V </dev/null >&5
gcc: '-V' option must have argument
configure:1588: $? = 1
configure:1611: checking for C compiler default output file name
configure:1614: gcc    conftest.c  >&5
configure:1617: $? = 0
configure:1663: result: a.out
configure:1668: checking whether the C compiler works
configure:1674: ./a.out
configure:1677: $? = 0
configure:1694: result: yes
configure:1701: checking whether we are cross compiling
configure:1703: result: no
configure:1706: checking for suffix of executables
configure:1708: gcc -o conftest    conftest.c  >&5
configure:1711: $? = 0
configure:1736: result: 
configure:1742: checking for suffix of object files
configure:1763: gcc -c   conftest.c >&5
configure:1766: $? = 0
configure:1788: result: o
configure:1792: checking whether we are using the GNU C compiler
configure:1816: gcc -c   conftest.c >&5
configure:1822: $? = 0
configure:1825: test -z 			 || test ! -s conftest.err
configure:1828: $? = 0
configure:1831: test -s conftest.o
configure:1834: $? = 0
configure:1847: result: yes
configure:1853: checking whether gcc accepts -g
configure:1874: gcc -c -g  conftest.c >&5
configure:1880: $? = 0
configure:1883: test -z 			 || test ! -s conftest.err
configure:1886: $? = 0
configure:1889: test -s conftest.o
configure:1892: $? = 0
configure:1903: result: yes
configure:1920: checking for gcc option to accept ANSI C
configure:1990: gcc  -c -g -O2  conftest.c >&5
configure:1996: $? = 0
configure:1999: test -z 			 || test ! -s conftest.err
configure:2002: $? = 0
configure:2005: test -s conftest.o
configure:2008: $? = 0
configure:2026: result: none needed
configure:2044: gcc -c -g -O2  conftest.c >&5
conftest.c:2: error: syntax error before 'me'
configure:2050: $? = 1
configure: failed program was:
| #ifndef __cplusplus
|   choke me
| #endif
configure:2181: checking for library containing ioperm
configure:2211: gcc -o conftest -g -O2   conftest.c  >&5
configure:2217: $? = 0
configure:2220: test -z 			 || test ! -s conftest.err
configure:2223: $? = 0
configure:2226: test -s conftest
configure:2229: $? = 0
configure:2298: result: none required
configure:2348: checking for a BSD-compatible install
configure:2403: result: /usr/bin/install -c
configure:2414: checking whether build environment is sane
configure:2457: result: yes
configure:2522: checking for gawk
configure:2551: result: no
configure:2522: checking for mawk
configure:2538: found /usr/bin/mawk
configure:2548: result: mawk
configure:2558: checking whether make sets $(MAKE)
configure:2578: result: yes
configure:2608: checking for style of include used by make
configure:2636: result: GNU
configure:2812: checking dependency style of gcc
configure:2902: result: gcc3
configure:2976: checking for gcc
configure:3002: result: gcc
configure:3246: checking for C compiler version
configure:3249: gcc --version </dev/null >&5
gcc (GCC) 4.0.2 20050808 (prerelease) (Ubuntu 4.0.1-4ubuntu9)
Copyright (C) 2005 Free Software Foundation, Inc.
This is free software; see the source for copying conditions.  There is NO
warranty; not even for MERCHANTABILITY or FITNESS FOR A PARTICULAR PURPOSE.

configure:3252: $? = 0
configure:3254: gcc -v </dev/null >&5
Using built-in specs.
Target: i486-linux-gnu
Configured with: ../src/configure -v --enable-languages=c,c++,java,f95,objc,ada,treelang --prefix=/usr --with-gxx-include-dir=/usr/include/c++/4.0.2 --enable-shared --with-system-zlib --libexecdir=/usr/lib --enable-nls --without-included-gettext --enable-threads=posix --program-suffix=-4.0 --enable-__cxa_atexit --enable-libstdcxx-allocator=mt --enable-clocale=gnu --enable-libstdcxx-debug --enable-java-gc=boehm --enable-java-awt=gtk --enable-gtk-cairo --with-java-home=/usr/lib/jvm/java-1.4.2-gcj-4.0-1.4.2.0/jre --enable-mpfr --disable-werror --enable-checking=release i486-linux-gnu
Thread model: posix
gcc version 4.0.2 20050808 (prerelease) (Ubuntu 4.0.1-4ubuntu9)
configure:3257: $? = 0
configure:3259: gcc -V </dev/null >&5
gcc: '-V' option must have argument
configure:3262: $? = 1
configure:3265: checking whether we are using the GNU C compiler
configure:3320: result: yes
configure:3326: checking whether gcc accepts -g
configure:3376: result: yes
configure:3393: checking for gcc option to accept ANSI C
configure:3499: result: none needed
configure:3517: gcc -c -g -O2  conftest.c >&5
conftest.c:2: error: syntax error before 'me'
configure:3523: $? = 1
configure: failed program was:
| #ifndef __cplusplus
|   choke me
| #endif
configure:3694: checking for ranlib
configure:3710: found /usr/bin/ranlib
configure:3721: result: ranlib
configure:3875: creating ./config.status

## ---------------------- ##
## Running config.status. ##
## ---------------------- ##

This file was extended by config.status, which was
generated by GNU Autoconf 2.59.  Invocation command line was

  CONFIG_FILES    = 
  CONFIG_HEADERS  = 
  CONFIG_LINKS    = 
  CONFIG_COMMANDS = 
  $ ./config.status 

on sword

config.status:725: creating Makefile
config.status:725: creating src/Makefile
config.status:725: creating src/tcpcliserver/Makefile
config.status:725: creating src/tcpcliserver/cl/Makefile
config.status:870: executing depfiles commands

## ---------------- ##
## Cache variables. ##
## ---------------- ##

ac_cv_c_compiler_gnu=yes
ac_cv_env_CC_set=
ac_cv_env_CC_value=
ac_cv_env_CFLAGS_set=
ac_cv_env_CFLAGS_value=
ac_cv_env_CPPFLAGS_set=
ac_cv_env_CPPFLAGS_value=
ac_cv_env_LDFLAGS_set=
ac_cv_env_LDFLAGS_value=
ac_cv_env_build_alias_set=
ac_cv_env_build_alias_value=
ac_cv_env_host_alias_set=
ac_cv_env_host_alias_value=
ac_cv_env_target_alias_set=
ac_cv_env_target_alias_value=
ac_cv_exeext=
ac_cv_objext=o
ac_cv_path_install='/usr/bin/install -c'
ac_cv_prog_AWK=mawk
ac_cv_prog_ac_ct_CC=gcc
ac_cv_prog_ac_ct_RANLIB=ranlib
ac_cv_prog_cc_g=yes
ac_cv_prog_cc_stdc=
ac_cv_prog_make_make_set=yes
ac_cv_search_ioperm='none required'
am_cv_CC_dependencies_compiler_type=gcc3

## ----------------- ##
## Output variables. ##
## ----------------- ##

ACLOCAL='${SHELL} /home/chieftain/projects/vscope/scoped/easyconnect/easyconnectserver/server/missing --run aclocal-1.9'
AMDEPBACKSLASH='\'
AMDEP_FALSE='#'
AMDEP_TRUE=''
AMTAR='${SHELL} /home/chieftain/projects/vscope/scoped/easyconnect/easyconnectserver/server/missing --run tar'
AUTOCONF='${SHELL} /home/chieftain/projects/vscope/scoped/easyconnect/easyconnectserver/server/missing --run autoconf'
AUTOHEADER='${SHELL} /home/chieftain/projects/vscope/scoped/easyconnect/easyconnectserver/server/missing --run autoheader'
AUTOMAKE='${SHELL} /home/chieftain/projects/vscope/scoped/easyconnect/easyconnectserver/server/missing --run automake-1.9'
AWK='mawk'
CC='gcc'
CCDEPMODE='depmode=gcc3'
CFLAGS='-g -O2'
CPPFLAGS=''
CYGPATH_W='echo'
DEFS='-DPACKAGE_NAME=\"\" -DPACKAGE_TARNAME=\"\" -DPACKAGE_VERSION=\"\" -DPACKAGE_STRING=\"\" -DPACKAGE_BUGREPORT=\"\" -DPACKAGE=\"scoped\" -DVERSION=\"0.1.0\" '
DEPDIR='.deps'
ECHO_C=''
ECHO_N='-n'
ECHO_T=''
EXEEXT=''
INSTALL_DATA='${INSTALL} -m 644'
INSTALL_PROGRAM='${INSTALL}'
INSTALL_SCRIPT='${INSTALL}'
INSTALL_STRIP_PROGRAM='${SHELL} $(install_sh) -c -s'
INTI_CFLAGS=''
INTI_LIBS=''
LDFLAGS=''
LIBOBJS=''
LIBS=''
LTLIBOBJS=''
MAKEINFO='${SHELL} /home/chieftain/projects/vscope/scoped/easyconnect/easyconnectserver/server/missing --run makeinfo'
OBJEXT='o'
PACKAGE='scoped'
PACKAGE_BUGREPORT=''
PACKAGE_NAME=''
PACKAGE_STRING=''
PACKAGE_TARNAME=''
PACKAGE_VERSION=''
PATH_SEPARATOR=':'
RANLIB='ranlib'
SET_MAKE=''
SHELL='/bin/sh'
STRIP=''
VERSION='0.1.0'
ac_ct_CC='gcc'
ac_ct_RANLIB='ranlib'
ac_ct_STRIP=''
am__fastdepCC_FALSE='#'
am__fastdepCC_TRUE=''
am__include='include'
am__leading_dot='.'
am__quote=''
am__tar='${AMTAR} chof - "$$tardir"'
am__untar='${AMTAR} xf -'
bindir='${exec_prefix}/bin'
build_alias=''
datadir='${prefix}/share'
exec_prefix='${prefix}'
host_alias=''
includedir='${prefix}/include'
infodir='${prefix}/info'
install_sh='/home/chieftain/projects/vscope/scoped/easyconnect/easyconnectserver/server/install-sh'
libdir='${exec_prefix}/lib'
libexecdir='${exec_prefix}/libexec'
localstatedir='${prefix}/var'
mandir='${prefix}/man'
mkdir_p='mkdir -p --'
oldincludedir='/usr/include'
prefix='/usr/local'
program_transform_name='s,x,x,'
sbindir='${exec_prefix}/sbin'
sharedstatedir='${prefix}/com'
sysconfdir='${prefix}/etc'
target_alias=''

## ----------- ##
## confdefs.h. ##
## ----------- ##

#define PACKAGE "scoped"
#define PACKAGE_BUGREPORT ""
#define PACKAGE_NAME ""
#define PACKAGE_STRING ""
#define PACKAGE_TARNAME ""
#define PACKAGE_VERSION ""
#define VERSION "0.1.0"

configure: exit 0
